<beans xmlns:xsi="http://www.w3.org/2001/XMLSchema-instance"
       xmlns="http://www.springframework.org/schema/beans"
       xsi:schemaLocation="http://www.springframework.org/schema/beans
    http://www.springframework.org/schema/beans/spring-beans.xsd">


    <bean id="props" class="org.springframework.beans.factory.config.PropertyPlaceholderConfigurer">
        <property name="location" value="classpath:testprops.properties"/>
    </bean>

    <bean id="connectionFactory" class="com.flavorwocky.db.ConnectionFactory" scope="singleton">
        <property name="jdbcUrl" value="${jdbcUrl}"/>
    </bean>

</beans>